2025-10-21 18:26:30,313 INFO o.a.j.u.JMeterUtils: Setting Locale to en_EN
2025-10-21 18:26:30,849 INFO o.a.j.JMeter: Loading user properties from: /opt/jmeter/bin/user.properties
2025-10-21 18:26:30,937 INFO o.a.j.JMeter: Loading system properties from: /opt/jmeter/bin/system.properties
2025-10-21 18:26:30,940 INFO o.a.j.JMeter: Setting JMeter property: target_host=192.168.74.128
2025-10-21 18:26:30,942 INFO o.a.j.JMeter: Setting JMeter property: target_port=8000
2025-10-21 18:26:30,942 INFO o.a.j.JMeter: Setting JMeter property: threads=10
2025-10-21 18:26:30,942 INFO o.a.j.JMeter: Setting JMeter property: duration=120
2025-10-21 18:26:30,993 INFO o.a.j.JMeter: Copyright (c) 1998-2024 The Apache Software Foundation
2025-10-21 18:26:30,994 INFO o.a.j.JMeter: Version 5.6.3
2025-10-21 18:26:30,994 INFO o.a.j.JMeter: java.version=21.0.8
2025-10-21 18:26:30,994 INFO o.a.j.JMeter: java.vm.name=OpenJDK 64-Bit Server VM
2025-10-21 18:26:30,994 INFO o.a.j.JMeter: os.name=Linux
2025-10-21 18:26:30,996 INFO o.a.j.JMeter: os.arch=amd64
2025-10-21 18:26:30,997 INFO o.a.j.JMeter: os.version=6.12.0-142.el10.x86_64
2025-10-21 18:26:30,997 INFO o.a.j.JMeter: file.encoding=UTF-8
2025-10-21 18:26:30,997 INFO o.a.j.JMeter: java.awt.headless=true
2025-10-21 18:26:30,997 INFO o.a.j.JMeter: Max memory     =1073741824
2025-10-21 18:26:30,997 INFO o.a.j.JMeter: Available Processors =2
2025-10-21 18:26:31,341 INFO o.a.j.JMeter: Default Locale=English (EN)
2025-10-21 18:26:31,343 INFO o.a.j.JMeter: JMeter  Locale=English (EN)
2025-10-21 18:26:31,345 INFO o.a.j.JMeter: JMeterHome=/opt/jmeter
2025-10-21 18:26:31,345 INFO o.a.j.JMeter: user.dir  =/home/onprem/researchproject/expense_tracker
2025-10-21 18:26:31,346 INFO o.a.j.JMeter: PWD       =/home/onprem/researchproject/expense_tracker
2025-10-21 18:26:31,403 INFO o.a.j.JMeter: IP: 127.0.0.1 Name: localhost.localdomain FullName: localhost
2025-10-21 18:26:32,065 ERROR o.a.j.JMeter: An error occurred: 
org.apache.jmeter.report.config.ConfigurationException: The file /home/onprem/researchproject/tests/expense_tracker_test.jmx doesn't exist or can't be opened
	at org.apache.jmeter.JMeter.runNonGui(JMeter.java:950) ~[ApacheJMeter_core.jar:5.6.3]
	at org.apache.jmeter.JMeter.startNonGui(JMeter.java:940) ~[ApacheJMeter_core.jar:5.6.3]
	at org.apache.jmeter.JMeter.start(JMeter.java:508) [ApacheJMeter_core.jar:5.6.3]
	at java.base/jdk.internal.reflect.DirectMethodHandleAccessor.invoke(DirectMethodHandleAccessor.java:103) ~[?:?]
	at java.base/java.lang.reflect.Method.invoke(Method.java:580) ~[?:?]
	at org.apache.jmeter.NewDriver.main(NewDriver.java:259) [ApacheJMeter.jar:5.6.3]
